<?xml version="1.0" encoding="UTF-8"?>
<!-- Generated by org.testng.reporters.JUnitXMLReporter -->
<testsuite ignored="14" hostname="DESKTOP-HIN4ESK" failures="1" tests="1" name="Default test" time="6.773" errors="0" timestamp="2024-09-02T18:36:04 IST">
  <testcase classname="Web_automation_form_details_filling.Formfilling" name="form15" time="2.502">
    <failure type="org.openqa.selenium.ElementNotInteractableException" message="element not interactable
  (Session info: chrome=128.0.6613.86)
Build info: version: &amp;apos;4.18.1&amp;apos;, revision: &amp;apos;b1d3319b48&amp;apos;
System info: os.name: &amp;apos;Windows 11&amp;apos;, os.arch: &amp;apos;amd64&amp;apos;, os.version: &amp;apos;10.0&amp;apos;, java.version: &amp;apos;22.0.1&amp;apos;
Driver info: org.openqa.selenium.chrome.ChromeDriver
Command: [2bfd7ba2af968894189332e999df205e, sendKeysToElement {id=f.5343CA3C19F34C1EF974BA22B1384BC4.d.4C2AD7C9FEB9B4997DB0F6A6F22BBFBE.e.283, value=[Ljava.lang.CharSequence;@749ab7b4}]
Capabilities {acceptInsecureCerts: false, browserName: chrome, browserVersion: 128.0.6613.86, chrome: {chromedriverVersion: 128.0.6613.86 (3045ed680fda..., userDataDir: C:\Users\harin\AppData\Loca...}, fedcm:accounts: true, goog:chromeOptions: {debuggerAddress: localhost:54060}, networkConnectionEnabled: false, pageLoadStrategy: normal, platformName: windows, proxy: Proxy(), se:cdp: ws://localhost:54060/devtoo..., se:cdpVersion: 128.0.6613.86, setWindowRect: true, strictFileInteractability: false, timeouts: {implicit: 0, pageLoad: 300000, script: 30000}, unhandledPromptBehavior: dismiss and notify, webauthn:extension:credBlob: true, webauthn:extension:largeBlob: true, webauthn:extension:minPinLength: true, webauthn:extension:prf: true, webauthn:virtualAuthenticators: true}
Element: [[ChromeDriver: chrome on windows (2bfd7ba2af968894189332e999df205e)] -&amp;gt; xpath: //input[@id=&amp;apos;text2&amp;apos;]]
Session ID: 2bfd7ba2af968894189332e999df205e">
      <![CDATA[org.openqa.selenium.ElementNotInteractableException: element not interactable
  (Session info: chrome=128.0.6613.86)
Build info: version: '4.18.1', revision: 'b1d3319b48'
System info: os.name: 'Windows 11', os.arch: 'amd64', os.version: '10.0', java.version: '22.0.1'
Driver info: org.openqa.selenium.chrome.ChromeDriver
Command: [2bfd7ba2af968894189332e999df205e, sendKeysToElement {id=f.5343CA3C19F34C1EF974BA22B1384BC4.d.4C2AD7C9FEB9B4997DB0F6A6F22BBFBE.e.283, value=[Ljava.lang.CharSequence;@749ab7b4}]
Capabilities {acceptInsecureCerts: false, browserName: chrome, browserVersion: 128.0.6613.86, chrome: {chromedriverVersion: 128.0.6613.86 (3045ed680fda..., userDataDir: C:\Users\harin\AppData\Loca...}, fedcm:accounts: true, goog:chromeOptions: {debuggerAddress: localhost:54060}, networkConnectionEnabled: false, pageLoadStrategy: normal, platformName: windows, proxy: Proxy(), se:cdp: ws://localhost:54060/devtoo..., se:cdpVersion: 128.0.6613.86, setWindowRect: true, strictFileInteractability: false, timeouts: {implicit: 0, pageLoad: 300000, script: 30000}, unhandledPromptBehavior: dismiss and notify, webauthn:extension:credBlob: true, webauthn:extension:largeBlob: true, webauthn:extension:minPinLength: true, webauthn:extension:prf: true, webauthn:virtualAuthenticators: true}
Element: [[ChromeDriver: chrome on windows (2bfd7ba2af968894189332e999df205e)] -> xpath: //input[@id='text2']]
Session ID: 2bfd7ba2af968894189332e999df205e
at java.base/jdk.internal.reflect.DirectConstructorHandleAccessor.newInstance(DirectConstructorHandleAccessor.java:62)
at java.base/java.lang.reflect.Constructor.newInstanceWithCaller(Constructor.java:502)
at java.base/java.lang.reflect.Constructor.newInstance(Constructor.java:486)
at org.openqa.selenium.remote.ErrorCodec.decode(ErrorCodec.java:167)
at org.openqa.selenium.remote.codec.w3c.W3CHttpResponseCodec.decode(W3CHttpResponseCodec.java:138)
at org.openqa.selenium.remote.codec.w3c.W3CHttpResponseCodec.decode(W3CHttpResponseCodec.java:50)
at org.openqa.selenium.remote.HttpCommandExecutor.execute(HttpCommandExecutor.java:190)
at org.openqa.selenium.remote.service.DriverCommandExecutor.invokeExecute(DriverCommandExecutor.java:216)
at org.openqa.selenium.remote.service.DriverCommandExecutor.execute(DriverCommandExecutor.java:174)
at org.openqa.selenium.remote.RemoteWebDriver.execute(RemoteWebDriver.java:519)
at org.openqa.selenium.remote.RemoteWebElement.execute(RemoteWebElement.java:223)
at org.openqa.selenium.remote.RemoteWebElement.sendKeys(RemoteWebElement.java:110)
at Web_automation_form_details_filling.Formfilling.form15(Formfilling.java:597)
at java.base/jdk.internal.reflect.DirectMethodHandleAccessor.invoke(DirectMethodHandleAccessor.java:103)
at java.base/java.lang.reflect.Method.invoke(Method.java:580)
at org.testng.internal.invokers.MethodInvocationHelper.invokeMethod(MethodInvocationHelper.java:141)
at org.testng.internal.invokers.TestInvoker.invokeMethod(TestInvoker.java:686)
at org.testng.internal.invokers.TestInvoker.invokeTestMethod(TestInvoker.java:230)
at org.testng.internal.invokers.MethodRunner.runInSequence(MethodRunner.java:63)
at org.testng.internal.invokers.TestInvoker$MethodInvocationAgent.invoke(TestInvoker.java:992)
at org.testng.internal.invokers.TestInvoker.invokeTestMethods(TestInvoker.java:203)
at org.testng.internal.invokers.TestMethodWorker.invokeTestMethods(TestMethodWorker.java:154)
at org.testng.internal.invokers.TestMethodWorker.run(TestMethodWorker.java:134)
at java.base/java.util.ArrayList.forEach(ArrayList.java:1597)
at org.testng.TestRunner.privateRun(TestRunner.java:739)
at org.testng.TestRunner.run(TestRunner.java:614)
at org.testng.SuiteRunner.runTest(SuiteRunner.java:421)
at org.testng.SuiteRunner.runSequentially(SuiteRunner.java:413)
at org.testng.SuiteRunner.privateRun(SuiteRunner.java:373)
at org.testng.SuiteRunner.run(SuiteRunner.java:312)
at org.testng.SuiteRunnerWorker.runSuite(SuiteRunnerWorker.java:52)
at org.testng.SuiteRunnerWorker.run(SuiteRunnerWorker.java:95)
at org.testng.TestNG.runSuitesSequentially(TestNG.java:1274)
at org.testng.TestNG.runSuitesLocally(TestNG.java:1208)
at org.testng.TestNG.runSuites(TestNG.java:1112)
at org.testng.TestNG.run(TestNG.java:1079)
at org.testng.remote.AbstractRemoteTestNG.run(AbstractRemoteTestNG.java:115)
at org.testng.remote.RemoteTestNG.initAndRun(RemoteTestNG.java:293)
at org.testng.remote.RemoteTestNG.main(RemoteTestNG.java:91)
]]>
    </failure>
  </testcase> <!-- form15 -->
  <testcase classname="Web_automation_form_details_filling.Formfilling" name="form1" time="0.0">
    <ignored/>
  </testcase> <!-- form1 -->
  <testcase classname="Web_automation_form_details_filling.Formfilling" name="form3" time="0.0">
    <ignored/>
  </testcase> <!-- form3 -->
  <testcase classname="Web_automation_form_details_filling.Formfilling" name="form5" time="0.0">
    <ignored/>
  </testcase> <!-- form5 -->
  <testcase classname="Web_automation_form_details_filling.Formfilling" name="form2" time="0.0">
    <ignored/>
  </testcase> <!-- form2 -->
  <testcase classname="Web_automation_form_details_filling.Formfilling" name="form10" time="0.0">
    <ignored/>
  </testcase> <!-- form10 -->
  <testcase classname="Web_automation_form_details_filling.Formfilling" name="form12" time="0.0">
    <ignored/>
  </testcase> <!-- form12 -->
  <testcase classname="Web_automation_form_details_filling.Formfilling" name="form11" time="0.0">
    <ignored/>
  </testcase> <!-- form11 -->
  <testcase classname="Web_automation_form_details_filling.Formfilling" name="form14" time="0.0">
    <ignored/>
  </testcase> <!-- form14 -->
  <testcase classname="Web_automation_form_details_filling.Formfilling" name="form13" time="0.0">
    <ignored/>
  </testcase> <!-- form13 -->
  <testcase classname="Web_automation_form_details_filling.Formfilling" name="form7" time="0.0">
    <ignored/>
  </testcase> <!-- form7 -->
  <testcase classname="Web_automation_form_details_filling.Formfilling" name="form4" time="0.0">
    <ignored/>
  </testcase> <!-- form4 -->
  <testcase classname="Web_automation_form_details_filling.Formfilling" name="form9" time="0.0">
    <ignored/>
  </testcase> <!-- form9 -->
  <testcase classname="Web_automation_form_details_filling.Formfilling" name="form6" time="0.0">
    <ignored/>
  </testcase> <!-- form6 -->
  <testcase classname="Web_automation_form_details_filling.Formfilling" name="form8" time="0.0">
    <ignored/>
  </testcase> <!-- form8 -->
</testsuite> <!-- Default test -->
